<?xml version="1.0" encoding="UTF-8"?>
<!-- Generated by org.testng.reporters.JUnitReportReporter -->
<testsuite hostname="venkat-PC" name="com.TestRunner.NewTest" tests="1" failures="0" timestamp="20 Mar 2020 00:09:25 GMT" time="0.005" errors="0">
  <testcase name="f" time="0.005" classname="com.TestRunner.NewTest"/>
</testsuite> <!-- com.TestRunner.NewTest -->
